{"/Users/xyz/Documents/Website/app.js":{"path":"/Users/xyz/Documents/Website/app.js","s":{"1":1,"2":1,"3":1,"4":1,"5":1,"6":1,"7":1,"8":1,"9":1,"10":1,"11":1,"12":1,"13":1,"14":1,"15":1,"16":1,"17":1,"18":1,"19":1,"20":1,"21":1,"22":1,"23":1,"24":1,"25":1,"26":1,"27":1,"28":0,"29":0,"30":0,"31":1,"32":1,"33":0,"34":0,"35":1,"36":0,"37":0,"38":1},"b":{"1":[1,0],"2":[0,0],"3":[0,0]},"f":{"1":0,"2":0,"3":0},"fnMap":{"1":{"name":"(anonymous_1)","line":54,"loc":{"start":{"line":54,"column":8},"end":{"line":54,"column":33}}},"2":{"name":"(anonymous_2)","line":65,"loc":{"start":{"line":65,"column":10},"end":{"line":65,"column":40}}},"3":{"name":"(anonymous_3)","line":76,"loc":{"start":{"line":76,"column":8},"end":{"line":76,"column":38}}}},"statementMap":{"1":{"start":{"line":1,"column":0},"end":{"line":1,"column":33}},"2":{"start":{"line":2,"column":0},"end":{"line":2,"column":41}},"3":{"start":{"line":3,"column":0},"end":{"line":3,"column":33}},"4":{"start":{"line":4,"column":0},"end":{"line":4,"column":27}},"5":{"start":{"line":5,"column":0},"end":{"line":5,"column":39}},"6":{"start":{"line":6,"column":0},"end":{"line":6,"column":31}},"7":{"start":{"line":7,"column":0},"end":{"line":7,"column":44}},"8":{"start":{"line":8,"column":0},"end":{"line":8,"column":40}},"9":{"start":{"line":9,"column":0},"end":{"line":9,"column":35}},"10":{"start":{"line":12,"column":0},"end":{"line":12,"column":43}},"11":{"start":{"line":13,"column":0},"end":{"line":13,"column":43}},"12":{"start":{"line":14,"column":0},"end":{"line":14,"column":49}},"13":{"start":{"line":15,"column":0},"end":{"line":15,"column":20}},"14":{"start":{"line":18,"column":0},"end":{"line":18,"column":52}},"15":{"start":{"line":19,"column":0},"end":{"line":19,"column":30}},"16":{"start":{"line":23,"column":0},"end":{"line":23,"column":23}},"17":{"start":{"line":24,"column":0},"end":{"line":24,"column":27}},"18":{"start":{"line":25,"column":0},"end":{"line":25,"column":50}},"19":{"start":{"line":26,"column":0},"end":{"line":26,"column":24}},"20":{"start":{"line":29,"column":0},"end":{"line":33,"column":4}},"21":{"start":{"line":36,"column":0},"end":{"line":36,"column":31}},"22":{"start":{"line":37,"column":0},"end":{"line":37,"column":28}},"23":{"start":{"line":39,"column":0},"end":{"line":39,"column":56}},"24":{"start":{"line":42,"column":0},"end":{"line":42,"column":20}},"25":{"start":{"line":43,"column":0},"end":{"line":43,"column":25}},"26":{"start":{"line":47,"column":0},"end":{"line":51,"column":4}},"27":{"start":{"line":54,"column":0},"end":{"line":58,"column":3}},"28":{"start":{"line":55,"column":2},"end":{"line":55,"column":35}},"29":{"start":{"line":56,"column":2},"end":{"line":56,"column":19}},"30":{"start":{"line":57,"column":2},"end":{"line":57,"column":12}},"31":{"start":{"line":64,"column":0},"end":{"line":72,"column":1}},"32":{"start":{"line":65,"column":2},"end":{"line":71,"column":5}},"33":{"start":{"line":66,"column":4},"end":{"line":66,"column":34}},"34":{"start":{"line":67,"column":4},"end":{"line":70,"column":7}},"35":{"start":{"line":76,"column":0},"end":{"line":82,"column":3}},"36":{"start":{"line":77,"column":2},"end":{"line":77,"column":32}},"37":{"start":{"line":78,"column":2},"end":{"line":81,"column":5}},"38":{"start":{"line":85,"column":0},"end":{"line":85,"column":21}}},"branchMap":{"1":{"line":64,"type":"if","locations":[{"start":{"line":64,"column":0},"end":{"line":64,"column":0}},{"start":{"line":64,"column":0},"end":{"line":64,"column":0}}]},"2":{"line":66,"type":"binary-expr","locations":[{"start":{"line":66,"column":15},"end":{"line":66,"column":25}},{"start":{"line":66,"column":29},"end":{"line":66,"column":32}}]},"3":{"line":77,"type":"binary-expr","locations":[{"start":{"line":77,"column":13},"end":{"line":77,"column":23}},{"start":{"line":77,"column":27},"end":{"line":77,"column":30}}]}}},"/Users/xyz/Documents/Website/controllers/index.js":{"path":"/Users/xyz/Documents/Website/controllers/index.js","s":{"1":1,"2":1,"3":1,"4":0,"5":1},"b":{},"f":{"1":0},"fnMap":{"1":{"name":"(anonymous_1)","line":5,"loc":{"start":{"line":5,"column":20},"end":{"line":5,"column":45}}}},"statementMap":{"1":{"start":{"line":1,"column":0},"end":{"line":1,"column":33}},"2":{"start":{"line":2,"column":0},"end":{"line":2,"column":34}},"3":{"start":{"line":5,"column":0},"end":{"line":7,"column":3}},"4":{"start":{"line":6,"column":2},"end":{"line":6,"column":22}},"5":{"start":{"line":9,"column":0},"end":{"line":9,"column":28}}},"branchMap":{}},"/Users/xyz/Documents/Website/controllers/users.js":{"path":"/Users/xyz/Documents/Website/controllers/users.js","s":{"1":1,"2":1,"3":1,"4":0,"5":1},"b":{},"f":{"1":0},"fnMap":{"1":{"name":"(anonymous_1)","line":5,"loc":{"start":{"line":5,"column":20},"end":{"line":5,"column":45}}}},"statementMap":{"1":{"start":{"line":1,"column":0},"end":{"line":1,"column":33}},"2":{"start":{"line":2,"column":0},"end":{"line":2,"column":34}},"3":{"start":{"line":5,"column":0},"end":{"line":7,"column":3}},"4":{"start":{"line":6,"column":2},"end":{"line":6,"column":21}},"5":{"start":{"line":9,"column":0},"end":{"line":9,"column":28}}},"branchMap":{}},"/Users/xyz/Documents/Website/controllers/passport.js":{"path":"/Users/xyz/Documents/Website/controllers/passport.js","s":{"1":1,"2":1,"3":1,"4":0,"5":0,"6":0,"7":0,"8":0,"9":0,"10":0,"11":0,"12":1,"13":0,"14":1,"15":0,"16":0,"17":1},"b":{"1":[0,0],"2":[0,0],"3":[0,0]},"f":{"1":0,"2":0,"3":0,"4":0,"5":0},"fnMap":{"1":{"name":"(anonymous_1)","line":5,"loc":{"start":{"line":5,"column":2},"end":{"line":5,"column":37}}},"2":{"name":"(anonymous_2)","line":6,"loc":{"start":{"line":6,"column":41},"end":{"line":6,"column":61}}},"3":{"name":"(anonymous_3)","line":19,"loc":{"start":{"line":19,"column":23},"end":{"line":19,"column":44}}},"4":{"name":"(anonymous_4)","line":23,"loc":{"start":{"line":23,"column":25},"end":{"line":23,"column":44}}},"5":{"name":"(anonymous_5)","line":24,"loc":{"start":{"line":24,"column":20},"end":{"line":24,"column":40}}}},"statementMap":{"1":{"start":{"line":1,"column":0},"end":{"line":1,"column":35}},"2":{"start":{"line":2,"column":0},"end":{"line":2,"column":55}},"3":{"start":{"line":4,"column":0},"end":{"line":17,"column":3}},"4":{"start":{"line":6,"column":4},"end":{"line":15,"column":7}},"5":{"start":{"line":7,"column":6},"end":{"line":7,"column":36}},"6":{"start":{"line":7,"column":17},"end":{"line":7,"column":34}},"7":{"start":{"line":8,"column":6},"end":{"line":10,"column":7}},"8":{"start":{"line":9,"column":8},"end":{"line":9,"column":69}},"9":{"start":{"line":11,"column":6},"end":{"line":13,"column":7}},"10":{"start":{"line":12,"column":8},"end":{"line":12,"column":69}},"11":{"start":{"line":14,"column":6},"end":{"line":14,"column":30}},"12":{"start":{"line":19,"column":0},"end":{"line":21,"column":3}},"13":{"start":{"line":20,"column":2},"end":{"line":20,"column":29}},"14":{"start":{"line":23,"column":0},"end":{"line":27,"column":3}},"15":{"start":{"line":24,"column":2},"end":{"line":26,"column":5}},"16":{"start":{"line":25,"column":4},"end":{"line":25,"column":27}},"17":{"start":{"line":29,"column":0},"end":{"line":29,"column":26}}},"branchMap":{"1":{"line":7,"type":"if","locations":[{"start":{"line":7,"column":6},"end":{"line":7,"column":6}},{"start":{"line":7,"column":6},"end":{"line":7,"column":6}}]},"2":{"line":8,"type":"if","locations":[{"start":{"line":8,"column":6},"end":{"line":8,"column":6}},{"start":{"line":8,"column":6},"end":{"line":8,"column":6}}]},"3":{"line":11,"type":"if","locations":[{"start":{"line":11,"column":6},"end":{"line":11,"column":6}},{"start":{"line":11,"column":6},"end":{"line":11,"column":6}}]}}}}